<?xml version="1.0" encoding="UTF-8"?>
<!-- Generated by org.testng.reporters.JUnitReportReporter -->
<testsuite hostname="LAPTOP-DHFD997L" failures="0" tests="1" name="qualicoach.Enroll" time="29.449" errors="0" timestamp="2021-09-12T18:49:03 IST" skipped="0">
  <testcase classname="qualicoach.Enroll" name="yash" time="29.449"/>
  <system-out/>
</testsuite> <!-- qualicoach.Enroll -->
