<?xml version="1.0" encoding="UTF-8"?>
<!-- Generated by org.testng.reporters.JUnitReportReporter -->
<testsuite hostname="LAPTOP-DHFD997L" failures="0" tests="2" name="qualicoach.CreateCourseTest" time="182.159" errors="0" timestamp="2021-09-14T17:13:25 IST" skipped="0">
  <testcase classname="qualicoach.CreateCourseTest" name="checkLogin" time="11.405"/>
  <system-out/>
  <testcase classname="qualicoach.CreateCourseTest" name="createCourse" time="170.754"/>
  <system-out/>
</testsuite> <!-- qualicoach.CreateCourseTest -->
