<?xml version="1.0" encoding="UTF-8"?>
<!-- Generated by org.testng.reporters.JUnitReportReporter -->
<testsuite hostname="LAPTOP-DHFD997L" failures="0" tests="1" name="qualicoach.Badges" time="71.320" errors="0" timestamp="2021-09-14T12:35:15 IST" skipped="0">
  <testcase classname="qualicoach.Badges" name="sneha" time="71.320"/>
  <system-out/>
</testsuite> <!-- qualicoach.Badges -->
