<?xml version="1.0" encoding="UTF-8"?>
<!-- Generated by org.testng.reporters.JUnitReportReporter -->
<testsuite hostname="LAPTOP-DHFD997L" failures="0" tests="1" name="qualicoach.UserUpdatedProfile" time="29.813" errors="0" timestamp="2021-09-12T18:49:58 IST" skipped="0">
  <testcase classname="qualicoach.UserUpdatedProfile" name="LoginTest" time="29.813"/>
  <system-out/>
</testsuite> <!-- qualicoach.UserUpdatedProfile -->
