<?xml version="1.0" encoding="UTF-8"?>
<!-- Generated by org.testng.reporters.JUnitReportReporter -->
<testsuite hostname="LAPTOP-DHFD997L" failures="0" tests="1" name="qualicoach.Login" time="20.981" errors="0" timestamp="2021-09-12T18:39:06 IST" skipped="0">
  <testcase classname="qualicoach.Login" name="LoginTest" time="20.981"/>
  <system-out/>
</testsuite> <!-- qualicoach.Login -->
