<?xml version="1.0" encoding="UTF-8"?>
<!-- Generated by org.testng.reporters.JUnitReportReporter -->
<testsuite hostname="LAPTOP-DHFD997L" failures="0" tests="2" name="qualicoach.EnrollIntoCourse" time="54.695" errors="0" timestamp="2021-09-14T17:18:54 IST" skipped="0">
  <testcase classname="qualicoach.EnrollIntoCourse" name="checkLogin" time="39.097"/>
  <system-out/>
  <testcase classname="qualicoach.EnrollIntoCourse" name="enroll" time="15.598"/>
  <system-out/>
</testsuite> <!-- qualicoach.EnrollIntoCourse -->
